<?xml version="1.0" encoding="UTF-8"?>
<testsuite xmlns:xsi="http://www.w3.org/2001/XMLSchema-instance" xsi:noNamespaceSchemaLocation="https://maven.apache.org/surefire/maven-surefire-plugin/xsd/surefire-test-report.xsd" name="TestSuite" time="4.086" tests="24" errors="0" skipped="1" failures="0">
  <properties>
    <property name="java.specification.version" value="17"/>
    <property name="sun.cpu.isalist" value="amd64"/>
    <property name="sun.jnu.encoding" value="Cp1252"/>
    <property name="java.class.path" value="C:\dev\TestesUnitarios_mockito_ok\target\test-classes;C:\dev\TestesUnitarios_mockito_ok\target\classes;C:\Users\aguir\.m2\repository\junit\junit\4.11\junit-4.11.jar;C:\Users\aguir\.m2\repository\org\hamcrest\hamcrest-core\1.3\hamcrest-core-1.3.jar;C:\Users\aguir\.m2\repository\org\mockito\mockito-core\5.3.1\mockito-core-5.3.1.jar;C:\Users\aguir\.m2\repository\net\bytebuddy\byte-buddy\1.14.4\byte-buddy-1.14.4.jar;C:\Users\aguir\.m2\repository\net\bytebuddy\byte-buddy-agent\1.14.4\byte-buddy-agent-1.14.4.jar;C:\Users\aguir\.m2\repository\org\objenesis\objenesis\3.3\objenesis-3.3.jar;C:\Users\aguir\.m2\repository\org\powermock\powermock-module-junit4\2.0.2\powermock-module-junit4-2.0.2.jar;C:\Users\aguir\.m2\repository\org\powermock\powermock-module-junit4-common\2.0.2\powermock-module-junit4-common-2.0.2.jar;C:\Users\aguir\.m2\repository\org\powermock\powermock-reflect\2.0.2\powermock-reflect-2.0.2.jar;C:\Users\aguir\.m2\repository\org\powermock\powermock-core\2.0.2\powermock-core-2.0.2.jar;C:\Users\aguir\.m2\repository\org\javassist\javassist\3.24.0-GA\javassist-3.24.0-GA.jar;C:\Users\aguir\.m2\repository\org\testng\testng\7.7.1\testng-7.7.1.jar;C:\Users\aguir\.m2\repository\org\slf4j\slf4j-api\1.7.36\slf4j-api-1.7.36.jar;C:\Users\aguir\.m2\repository\com\beust\jcommander\1.82\jcommander-1.82.jar;C:\Users\aguir\.m2\repository\org\webjars\jquery\3.6.1\jquery-3.6.1.jar;C:\Users\aguir\.m2\repository\org\seleniumhq\selenium\selenium-java\3.141.59\selenium-java-3.141.59.jar;C:\Users\aguir\.m2\repository\org\seleniumhq\selenium\selenium-api\3.141.59\selenium-api-3.141.59.jar;C:\Users\aguir\.m2\repository\org\seleniumhq\selenium\selenium-chrome-driver\3.141.59\selenium-chrome-driver-3.141.59.jar;C:\Users\aguir\.m2\repository\org\seleniumhq\selenium\selenium-edge-driver\3.141.59\selenium-edge-driver-3.141.59.jar;C:\Users\aguir\.m2\repository\org\seleniumhq\selenium\selenium-firefox-driver\3.141.59\selenium-firefox-driver-3.141.59.jar;C:\Users\aguir\.m2\repository\org\seleniumhq\selenium\selenium-ie-driver\3.141.59\selenium-ie-driver-3.141.59.jar;C:\Users\aguir\.m2\repository\org\seleniumhq\selenium\selenium-opera-driver\3.141.59\selenium-opera-driver-3.141.59.jar;C:\Users\aguir\.m2\repository\org\seleniumhq\selenium\selenium-remote-driver\3.141.59\selenium-remote-driver-3.141.59.jar;C:\Users\aguir\.m2\repository\org\seleniumhq\selenium\selenium-safari-driver\3.141.59\selenium-safari-driver-3.141.59.jar;C:\Users\aguir\.m2\repository\org\seleniumhq\selenium\selenium-support\3.141.59\selenium-support-3.141.59.jar;C:\Users\aguir\.m2\repository\org\apache\commons\commons-exec\1.3\commons-exec-1.3.jar;C:\Users\aguir\.m2\repository\com\google\guava\guava\25.0-jre\guava-25.0-jre.jar;C:\Users\aguir\.m2\repository\com\google\code\findbugs\jsr305\1.3.9\jsr305-1.3.9.jar;C:\Users\aguir\.m2\repository\org\checkerframework\checker-compat-qual\2.0.0\checker-compat-qual-2.0.0.jar;C:\Users\aguir\.m2\repository\com\google\errorprone\error_prone_annotations\2.1.3\error_prone_annotations-2.1.3.jar;C:\Users\aguir\.m2\repository\com\google\j2objc\j2objc-annotations\1.1\j2objc-annotations-1.1.jar;C:\Users\aguir\.m2\repository\org\codehaus\mojo\animal-sniffer-annotations\1.14\animal-sniffer-annotations-1.14.jar;C:\Users\aguir\.m2\repository\com\squareup\okhttp3\okhttp\3.11.0\okhttp-3.11.0.jar;C:\Users\aguir\.m2\repository\com\squareup\okio\okio\1.14.0\okio-1.14.0.jar;"/>
    <property name="java.vm.vendor" value="Azul Systems, Inc."/>
    <property name="sun.arch.data.model" value="64"/>
    <property name="user.variant" value=""/>
    <property name="java.vendor.url" value="http://www.azul.com/"/>
    <property name="user.timezone" value="America/Sao_Paulo"/>
    <property name="os.name" value="Windows 11"/>
    <property name="java.vm.specification.version" value="17"/>
    <property name="sun.java.launcher" value="SUN_STANDARD"/>
    <property name="user.country" value="BR"/>
    <property name="sun.boot.library.path" value="C:\Program Files\Java\zulu17.40.19-ca-jdk17.0.6-win_x64\bin"/>
    <property name="sun.java.command" value="C:\Users\aguir\AppData\Local\Temp\surefire2190673038978370326\surefirebooter5506893246641257108.jar C:\Users\aguir\AppData\Local\Temp\surefire2190673038978370326 2023-06-18T22-00-03_241-jvmRun1 surefire12239099760696866936tmp surefire_0181011408235890122tmp"/>
    <property name="jdk.debug" value="release"/>
    <property name="surefire.test.class.path" value="C:\dev\TestesUnitarios_mockito_ok\target\test-classes;C:\dev\TestesUnitarios_mockito_ok\target\classes;C:\Users\aguir\.m2\repository\junit\junit\4.11\junit-4.11.jar;C:\Users\aguir\.m2\repository\org\hamcrest\hamcrest-core\1.3\hamcrest-core-1.3.jar;C:\Users\aguir\.m2\repository\org\mockito\mockito-core\5.3.1\mockito-core-5.3.1.jar;C:\Users\aguir\.m2\repository\net\bytebuddy\byte-buddy\1.14.4\byte-buddy-1.14.4.jar;C:\Users\aguir\.m2\repository\net\bytebuddy\byte-buddy-agent\1.14.4\byte-buddy-agent-1.14.4.jar;C:\Users\aguir\.m2\repository\org\objenesis\objenesis\3.3\objenesis-3.3.jar;C:\Users\aguir\.m2\repository\org\powermock\powermock-module-junit4\2.0.2\powermock-module-junit4-2.0.2.jar;C:\Users\aguir\.m2\repository\org\powermock\powermock-module-junit4-common\2.0.2\powermock-module-junit4-common-2.0.2.jar;C:\Users\aguir\.m2\repository\org\powermock\powermock-reflect\2.0.2\powermock-reflect-2.0.2.jar;C:\Users\aguir\.m2\repository\org\powermock\powermock-core\2.0.2\powermock-core-2.0.2.jar;C:\Users\aguir\.m2\repository\org\javassist\javassist\3.24.0-GA\javassist-3.24.0-GA.jar;C:\Users\aguir\.m2\repository\org\testng\testng\7.7.1\testng-7.7.1.jar;C:\Users\aguir\.m2\repository\org\slf4j\slf4j-api\1.7.36\slf4j-api-1.7.36.jar;C:\Users\aguir\.m2\repository\com\beust\jcommander\1.82\jcommander-1.82.jar;C:\Users\aguir\.m2\repository\org\webjars\jquery\3.6.1\jquery-3.6.1.jar;C:\Users\aguir\.m2\repository\org\seleniumhq\selenium\selenium-java\3.141.59\selenium-java-3.141.59.jar;C:\Users\aguir\.m2\repository\org\seleniumhq\selenium\selenium-api\3.141.59\selenium-api-3.141.59.jar;C:\Users\aguir\.m2\repository\org\seleniumhq\selenium\selenium-chrome-driver\3.141.59\selenium-chrome-driver-3.141.59.jar;C:\Users\aguir\.m2\repository\org\seleniumhq\selenium\selenium-edge-driver\3.141.59\selenium-edge-driver-3.141.59.jar;C:\Users\aguir\.m2\repository\org\seleniumhq\selenium\selenium-firefox-driver\3.141.59\selenium-firefox-driver-3.141.59.jar;C:\Users\aguir\.m2\repository\org\seleniumhq\selenium\selenium-ie-driver\3.141.59\selenium-ie-driver-3.141.59.jar;C:\Users\aguir\.m2\repository\org\seleniumhq\selenium\selenium-opera-driver\3.141.59\selenium-opera-driver-3.141.59.jar;C:\Users\aguir\.m2\repository\org\seleniumhq\selenium\selenium-remote-driver\3.141.59\selenium-remote-driver-3.141.59.jar;C:\Users\aguir\.m2\repository\org\seleniumhq\selenium\selenium-safari-driver\3.141.59\selenium-safari-driver-3.141.59.jar;C:\Users\aguir\.m2\repository\org\seleniumhq\selenium\selenium-support\3.141.59\selenium-support-3.141.59.jar;C:\Users\aguir\.m2\repository\org\apache\commons\commons-exec\1.3\commons-exec-1.3.jar;C:\Users\aguir\.m2\repository\com\google\guava\guava\25.0-jre\guava-25.0-jre.jar;C:\Users\aguir\.m2\repository\com\google\code\findbugs\jsr305\1.3.9\jsr305-1.3.9.jar;C:\Users\aguir\.m2\repository\org\checkerframework\checker-compat-qual\2.0.0\checker-compat-qual-2.0.0.jar;C:\Users\aguir\.m2\repository\com\google\errorprone\error_prone_annotations\2.1.3\error_prone_annotations-2.1.3.jar;C:\Users\aguir\.m2\repository\com\google\j2objc\j2objc-annotations\1.1\j2objc-annotations-1.1.jar;C:\Users\aguir\.m2\repository\org\codehaus\mojo\animal-sniffer-annotations\1.14\animal-sniffer-annotations-1.14.jar;C:\Users\aguir\.m2\repository\com\squareup\okhttp3\okhttp\3.11.0\okhttp-3.11.0.jar;C:\Users\aguir\.m2\repository\com\squareup\okio\okio\1.14.0\okio-1.14.0.jar;"/>
    <property name="sun.cpu.endian" value="little"/>
    <property name="user.home" value="C:\Users\aguir"/>
    <property name="user.language" value="pt"/>
    <property name="java.specification.vendor" value="Oracle Corporation"/>
    <property name="java.version.date" value="2023-01-17"/>
    <property name="java.home" value="C:\Program Files\Java\zulu17.40.19-ca-jdk17.0.6-win_x64"/>
    <property name="file.separator" value="\"/>
    <property name="basedir" value="C:\dev\TestesUnitarios_mockito_ok"/>
    <property name="java.vm.compressedOopsMode" value="32-bit"/>
    <property name="line.separator" value="&#10;"/>
    <property name="java.vm.specification.vendor" value="Oracle Corporation"/>
    <property name="java.specification.name" value="Java Platform API Specification"/>
    <property name="surefire.real.class.path" value="C:\Users\aguir\AppData\Local\Temp\surefire2190673038978370326\surefirebooter5506893246641257108.jar"/>
    <property name="user.script" value=""/>
    <property name="sun.management.compiler" value="HotSpot 64-Bit Tiered Compilers"/>
    <property name="java.runtime.version" value="17.0.6+10-LTS"/>
    <property name="user.name" value="aguir"/>
    <property name="path.separator" value=";"/>
    <property name="os.version" value="10.0"/>
    <property name="java.runtime.name" value="OpenJDK Runtime Environment"/>
    <property name="file.encoding" value="Cp1252"/>
    <property name="java.vm.name" value="OpenJDK 64-Bit Server VM"/>
    <property name="java.vendor.version" value="Zulu17.40+19-CA"/>
    <property name="localRepository" value="C:\Users\aguir\.m2\repository"/>
    <property name="java.vendor.url.bug" value="http://www.azul.com/support/"/>
    <property name="java.io.tmpdir" value="C:\Users\aguir\AppData\Local\Temp\"/>
    <property name="java.version" value="17.0.6"/>
    <property name="user.dir" value="C:\dev\TestesUnitarios_mockito_ok"/>
    <property name="os.arch" value="amd64"/>
    <property name="java.vm.specification.name" value="Java Virtual Machine Specification"/>
    <property name="sun.os.patch.level" value=""/>
    <property name="native.encoding" value="Cp1252"/>
    <property name="java.library.path" value="C:\Program Files\Java\zulu17.40.19-ca-jdk17.0.6-win_x64\bin;C:\WINDOWS\Sun\Java\bin;C:\WINDOWS\system32;C:\WINDOWS;C:\Program Files\Java\zulu17.40.19-ca-jdk17.0.6-win_x64\bin;C:\Program Files\Common Files\Oracle\Java\javapath;C:\Program Files (x86)\Common Files\Oracle\Java\javapath;C:\WINDOWS\system32;C:\WINDOWS;C:\WINDOWS\System32\Wbem;C:\WINDOWS\System32\WindowsPowerShell\v1.0\;C:\WINDOWS\System32\OpenSSH\;C:\Program Files\Microsoft VS Code\bin;C:\Program Files (x86)\dotnet\;C:\Program Files\dotnet\;C:\ProgramData\chocolatey\bin;C:\Program Files\Git\cmd;C:\Program Files\Docker\Docker\resources\bin;C:\Users\aguir\AppData\Local\Microsoft\WindowsApps;C:\Program Files\Java\apache-maven-3.9.0\bin;."/>
    <property name="java.vm.info" value="mixed mode, sharing"/>
    <property name="java.vendor" value="Azul Systems, Inc."/>
    <property name="java.vm.version" value="17.0.6+10-LTS"/>
    <property name="sun.io.unicode.encoding" value="UnicodeLittle"/>
    <property name="java.class.version" value="61.0"/>
  </properties>
  <testcase name="teste on teste(br.ce.wcaquino.servicos.CalculadoraMockTest)" classname="br.ce.wcaquino.servicos.CalculadoraMockTest" time="2.299"/>
  <testcase name="devoMostrarDiferencaEntreMockSpy on devoMostrarDiferencaEntreMockSpy(br.ce.wcaquino.servicos.CalculadoraMockTest)" classname="br.ce.wcaquino.servicos.CalculadoraMockTest" time="0.078"/>
  <testcase name="deveSomarDoisValores on deveSomarDoisValores(br.ce.wcaquino.servicos.CalculadoraTest)" classname="br.ce.wcaquino.servicos.CalculadoraTest" time="0.016"/>
  <testcase name="deveDividir on deveDividir(br.ce.wcaquino.servicos.CalculadoraTest)" classname="br.ce.wcaquino.servicos.CalculadoraTest" time="0"/>
  <testcase name="deveLancarExcecaoAoDividirPorZero on deveLancarExcecaoAoDividirPorZero(br.ce.wcaquino.servicos.CalculadoraTest)" classname="br.ce.wcaquino.servicos.CalculadoraTest" time="0"/>
  <testcase name="deveSubtrairDoisValores on deveSubtrairDoisValores(br.ce.wcaquino.servicos.CalculadoraTest)" classname="br.ce.wcaquino.servicos.CalculadoraTest" time="0"/>
  <testcase name="deveDividirDoisValores on deveDividirDoisValores(br.ce.wcaquino.servicos.CalculadoraTest)" classname="br.ce.wcaquino.servicos.CalculadoraTest" time="0"/>
  <testcase name="deveCalcularValorLocacaoConsiderandoDescontos[2 Filmes: Sem Desconto] on deveCalcularValorLocacaoConsiderandoDescontos[2 Filmes: Sem Desconto](br.ce.wcaquino.servicos.CalculoValorLocacaoTest)" classname="br.ce.wcaquino.servicos.CalculoValorLocacaoTest" time="0.129"/>
  <testcase name="deveCalcularValorLocacaoConsiderandoDescontos[3 Filmes: 25%] on deveCalcularValorLocacaoConsiderandoDescontos[3 Filmes: 25%](br.ce.wcaquino.servicos.CalculoValorLocacaoTest)" classname="br.ce.wcaquino.servicos.CalculoValorLocacaoTest" time="0.005"/>
  <testcase name="deveCalcularValorLocacaoConsiderandoDescontos[4 Filmes: 50%] on deveCalcularValorLocacaoConsiderandoDescontos[4 Filmes: 50%](br.ce.wcaquino.servicos.CalculoValorLocacaoTest)" classname="br.ce.wcaquino.servicos.CalculoValorLocacaoTest" time="0.005"/>
  <testcase name="deveCalcularValorLocacaoConsiderandoDescontos[5 Filmes: 75%] on deveCalcularValorLocacaoConsiderandoDescontos[5 Filmes: 75%](br.ce.wcaquino.servicos.CalculoValorLocacaoTest)" classname="br.ce.wcaquino.servicos.CalculoValorLocacaoTest" time="0.005"/>
  <testcase name="deveCalcularValorLocacaoConsiderandoDescontos[6 Filmes: 100%] on deveCalcularValorLocacaoConsiderandoDescontos[6 Filmes: 100%](br.ce.wcaquino.servicos.CalculoValorLocacaoTest)" classname="br.ce.wcaquino.servicos.CalculoValorLocacaoTest" time="0.007"/>
  <testcase name="deveCalcularValorLocacaoConsiderandoDescontos[7 Filmes: Sem Desconto] on deveCalcularValorLocacaoConsiderandoDescontos[7 Filmes: Sem Desconto](br.ce.wcaquino.servicos.CalculoValorLocacaoTest)" classname="br.ce.wcaquino.servicos.CalculoValorLocacaoTest" time="0.007"/>
  <testcase name="naoDeveAlugarFilmeSemFilme on naoDeveAlugarFilmeSemFilme(br.ce.wcaquino.servicos.LocacaoServiceTest)" classname="br.ce.wcaquino.servicos.LocacaoServiceTest" time="0.015"/>
  <testcase name="naoDeveAlugarFilmeSemEstoque on naoDeveAlugarFilmeSemEstoque(br.ce.wcaquino.servicos.LocacaoServiceTest)" classname="br.ce.wcaquino.servicos.LocacaoServiceTest" time="0.007"/>
  <testcase name="deveProrrogarUmaLocacao on deveProrrogarUmaLocacao(br.ce.wcaquino.servicos.LocacaoServiceTest)" classname="br.ce.wcaquino.servicos.LocacaoServiceTest" time="0.044"/>
  <testcase name="deveTratarErronoSPC on deveTratarErronoSPC(br.ce.wcaquino.servicos.LocacaoServiceTest)" classname="br.ce.wcaquino.servicos.LocacaoServiceTest" time="0.01"/>
  <testcase name="deveEnviarEmailParaLocacoesAtrasadas on deveEnviarEmailParaLocacoesAtrasadas(br.ce.wcaquino.servicos.LocacaoServiceTest)" classname="br.ce.wcaquino.servicos.LocacaoServiceTest" time="0.013"/>
  <testcase name="naoDeveAlugarFilmeParaNegativadoSPC on naoDeveAlugarFilmeParaNegativadoSPC(br.ce.wcaquino.servicos.LocacaoServiceTest)" classname="br.ce.wcaquino.servicos.LocacaoServiceTest" time="0.005"/>
  <testcase name="deveDevolverNaSegundaAoAlugarNoSabado on deveDevolverNaSegundaAoAlugarNoSabado(br.ce.wcaquino.servicos.LocacaoServiceTest)" classname="br.ce.wcaquino.servicos.LocacaoServiceTest" time="0">
    <skipped message="got: &lt;false&gt;, expected: is &lt;true&gt;"/>
  </testcase>
  <testcase name="naoDeveAlugarFilmeSemUsuario on naoDeveAlugarFilmeSemUsuario(br.ce.wcaquino.servicos.LocacaoServiceTest)" classname="br.ce.wcaquino.servicos.LocacaoServiceTest" time="0.003"/>
  <testcase name="deveAlugarFilme on deveAlugarFilme(br.ce.wcaquino.servicos.LocacaoServiceTest)" classname="br.ce.wcaquino.servicos.LocacaoServiceTest" time="0.005"/>
  <testcase name="inicia on inicia(OrdemTest)" classname="OrdemTest" time="0"/>
  <testcase name="verifica on verifica(OrdemTest)" classname="OrdemTest" time="0"/>
</testsuite>