<?xml version="1.0" encoding="UTF-8"?>
<!-- Generated by org.testng.reporters.JUnitReportReporter -->
<testsuite hostname="DESKTOP-F1NH6RG" failures="0" tests="2" name="br.ce.wcaquino.servicos.CalculadoraMockTest" time="4.660" errors="0" timestamp="2023-06-18T22:00:08 BRT" skipped="0">
  <testcase classname="br.ce.wcaquino.servicos.CalculadoraMockTest" name="devoMostrarDiferencaEntreMockSpy" time="2.353"/>
  <system-out/>
  <testcase classname="br.ce.wcaquino.servicos.CalculadoraMockTest" name="teste" time="2.307"/>
  <system-out/>
</testsuite> <!-- br.ce.wcaquino.servicos.CalculadoraMockTest -->
