<?xml version="1.0" encoding="UTF-8"?>
<!-- Generated by org.testng.reporters.JUnitReportReporter -->
<testsuite hostname="aguirre39" failures="0" tests="9" name="br.ce.wcaquino.servicos.LocacaoServiceTest" time="0.235" errors="0" timestamp="2023-06-21T21:14:33 BRT" skipped="1">
  <testcase classname="br.ce.wcaquino.servicos.LocacaoServiceTest" name="naoDeveAlugarFilmeSemUsuario" time="0.037"/>
  <system-out/>
  <testcase classname="br.ce.wcaquino.servicos.LocacaoServiceTest" name="deveTratarErronoSPC" time="0.025"/>
  <system-out/>
  <testcase classname="br.ce.wcaquino.servicos.LocacaoServiceTest" name="naoDeveAlugarFilmeSemEstoque" time="0.011"/>
  <system-out/>
  <testcase classname="br.ce.wcaquino.servicos.LocacaoServiceTest" name="naoDeveAlugarFilmeSemFilme" time="0.008"/>
  <system-out/>
  <testcase classname="br.ce.wcaquino.servicos.LocacaoServiceTest" name="deveEnviarEmailParaLocacoesAtrasadas" time="0.030"/>
  <system-out/>
  <testcase classname="br.ce.wcaquino.servicos.LocacaoServiceTest" name="deveDevolverNaSegundaAoAlugarNoSabado" time="0.034">
    <skipped/>
  </testcase> <!-- deveDevolverNaSegundaAoAlugarNoSabado -->
  <system-out/>
  <testcase classname="br.ce.wcaquino.servicos.LocacaoServiceTest" name="naoDeveAlugarFilmeParaNegativadoSPC" time="0.031"/>
  <system-out/>
  <testcase classname="br.ce.wcaquino.servicos.LocacaoServiceTest" name="deveAlugarFilme" time="0.038"/>
  <system-out/>
  <testcase classname="br.ce.wcaquino.servicos.LocacaoServiceTest" name="deveProrrogarUmaLocacao" time="0.021"/>
  <system-out/>
</testsuite> <!-- br.ce.wcaquino.servicos.LocacaoServiceTest -->
