<?xml version="1.0" encoding="UTF-8"?>
<!-- Generated by org.testng.reporters.JUnitReportReporter -->
<testsuite hostname="aguirre39" failures="0" tests="1" name="AssertTest" time="0.005" errors="0" timestamp="2023-06-15T22:31:29 BRT" skipped="0">
  <testcase classname="AssertTest" name="test" time="0.005"/>
  <system-out/>
</testsuite> <!-- AssertTest -->
