<?xml version="1.0" encoding="UTF-8"?>
<!-- Generated by org.testng.reporters.JUnitReportReporter -->
<testsuite hostname="aguirre39" failures="0" tests="9" name="br.ce.wcaquino.servicos.LocacaoServiceTest" time="0.275" errors="0" timestamp="2023-06-21T16:42:21 BRT" skipped="1">
  <testcase classname="br.ce.wcaquino.servicos.LocacaoServiceTest" name="naoDeveAlugarFilmeParaNegativadoSPC" time="0.038"/>
  <system-out/>
  <testcase classname="br.ce.wcaquino.servicos.LocacaoServiceTest" name="deveDevolverNaSegundaAoAlugarNoSabado" time="0.040">
    <skipped/>
  </testcase> <!-- deveDevolverNaSegundaAoAlugarNoSabado -->
  <system-out/>
  <testcase classname="br.ce.wcaquino.servicos.LocacaoServiceTest" name="deveTratarErronoSPC" time="0.028"/>
  <system-out/>
  <testcase classname="br.ce.wcaquino.servicos.LocacaoServiceTest" name="naoDeveAlugarFilmeSemFilme" time="0.010"/>
  <system-out/>
  <testcase classname="br.ce.wcaquino.servicos.LocacaoServiceTest" name="naoDeveAlugarFilmeSemUsuario" time="0.043"/>
  <system-out/>
  <testcase classname="br.ce.wcaquino.servicos.LocacaoServiceTest" name="deveAlugarFilme" time="0.045"/>
  <system-out/>
  <testcase classname="br.ce.wcaquino.servicos.LocacaoServiceTest" name="naoDeveAlugarFilmeSemEstoque" time="0.013"/>
  <system-out/>
  <testcase classname="br.ce.wcaquino.servicos.LocacaoServiceTest" name="deveProrrogarUmaLocacao" time="0.023"/>
  <system-out/>
  <testcase classname="br.ce.wcaquino.servicos.LocacaoServiceTest" name="deveEnviarEmailParaLocacoesAtrasadas" time="0.035"/>
  <system-out/>
</testsuite> <!-- br.ce.wcaquino.servicos.LocacaoServiceTest -->
