<?xml version="1.0" encoding="UTF-8"?>
<!-- Generated by org.testng.reporters.JUnitReportReporter -->
<testsuite hostname="aguirre39" failures="0" tests="5" name="br.ce.wcaquino.servicos.CalculadoraTest" time="0.011" errors="0" timestamp="2023-06-21T21:14:33 BRT" skipped="0">
  <testcase classname="br.ce.wcaquino.servicos.CalculadoraTest" name="deveSomarDoisValores" time="0.002"/>
  <system-out/>
  <testcase classname="br.ce.wcaquino.servicos.CalculadoraTest" name="deveDividir" time="0.002"/>
  <system-out/>
  <testcase classname="br.ce.wcaquino.servicos.CalculadoraTest" name="deveSubtrairDoisValores" time="0.003"/>
  <system-out/>
  <testcase classname="br.ce.wcaquino.servicos.CalculadoraTest" name="deveLancarExcecaoAoDividirPorZero" time="0.002"/>
  <system-out/>
  <testcase classname="br.ce.wcaquino.servicos.CalculadoraTest" name="deveDividirDoisValores" time="0.002"/>
  <system-out/>
</testsuite> <!-- br.ce.wcaquino.servicos.CalculadoraTest -->
