<?xml version="1.0" encoding="UTF-8"?>
<!-- Generated by org.testng.reporters.JUnitReportReporter -->
<testsuite hostname="aguirre39" failures="0" tests="2" name="OrdemTest" time="0.001" errors="0" timestamp="2023-06-21T16:42:21 BRT" skipped="0">
  <testcase classname="OrdemTest" name="inicia" time="0.000"/>
  <system-out/>
  <testcase classname="OrdemTest" name="verifica" time="0.001"/>
  <system-out/>
</testsuite> <!-- OrdemTest -->
