<?xml version="1.0" encoding="UTF-8"?>
<!-- Generated by org.testng.reporters.JUnitReportReporter -->
<testsuite hostname="DESKTOP-F1NH6RG" failures="0" tests="9" name="br.ce.wcaquino.servicos.LocacaoServiceTest" time="0.730" errors="0" timestamp="2023-06-18T22:00:08 BRT" skipped="1">
  <testcase classname="br.ce.wcaquino.servicos.LocacaoServiceTest" name="naoDeveAlugarFilmeSemEstoque" time="0.028"/>
  <system-out/>
  <testcase classname="br.ce.wcaquino.servicos.LocacaoServiceTest" name="deveAlugarFilme" time="0.116"/>
  <system-out/>
  <testcase classname="br.ce.wcaquino.servicos.LocacaoServiceTest" name="deveDevolverNaSegundaAoAlugarNoSabado" time="0.106">
    <skipped/>
  </testcase> <!-- deveDevolverNaSegundaAoAlugarNoSabado -->
  <system-out/>
  <testcase classname="br.ce.wcaquino.servicos.LocacaoServiceTest" name="deveProrrogarUmaLocacao" time="0.071"/>
  <system-out/>
  <testcase classname="br.ce.wcaquino.servicos.LocacaoServiceTest" name="naoDeveAlugarFilmeSemUsuario" time="0.112"/>
  <system-out/>
  <testcase classname="br.ce.wcaquino.servicos.LocacaoServiceTest" name="deveEnviarEmailParaLocacoesAtrasadas" time="0.096"/>
  <system-out/>
  <testcase classname="br.ce.wcaquino.servicos.LocacaoServiceTest" name="naoDeveAlugarFilmeParaNegativadoSPC" time="0.099"/>
  <system-out/>
  <testcase classname="br.ce.wcaquino.servicos.LocacaoServiceTest" name="deveTratarErronoSPC" time="0.080"/>
  <system-out/>
  <testcase classname="br.ce.wcaquino.servicos.LocacaoServiceTest" name="naoDeveAlugarFilmeSemFilme" time="0.022"/>
  <system-out/>
</testsuite> <!-- br.ce.wcaquino.servicos.LocacaoServiceTest -->
