<?xml version="1.0" encoding="UTF-8"?>
<!-- Generated by org.testng.reporters.JUnitReportReporter -->
<testsuite hostname="aguirre39" failures="0" tests="2" name="br.ce.wcaquino.servicos.CalculadoraMockTest" time="1.533" errors="0" timestamp="2023-06-21T21:14:33 BRT" skipped="0">
  <testcase classname="br.ce.wcaquino.servicos.CalculadoraMockTest" name="devoMostrarDiferencaEntreMockSpy" time="0.772"/>
  <system-out/>
  <testcase classname="br.ce.wcaquino.servicos.CalculadoraMockTest" name="teste" time="0.761"/>
  <system-out/>
</testsuite> <!-- br.ce.wcaquino.servicos.CalculadoraMockTest -->
