<?xml version="1.0" encoding="UTF-8"?>
<!-- Generated by org.testng.reporters.JUnitReportReporter -->
<testsuite hostname="DESKTOP-F1NH6RG" failures="0" tests="5" name="br.ce.wcaquino.servicos.CalculadoraTest" time="0.042" errors="0" timestamp="2023-06-18T22:00:08 BRT" skipped="0">
  <testcase classname="br.ce.wcaquino.servicos.CalculadoraTest" name="deveDividir" time="0.005"/>
  <system-out/>
  <testcase classname="br.ce.wcaquino.servicos.CalculadoraTest" name="deveSubtrairDoisValores" time="0.012"/>
  <system-out/>
  <testcase classname="br.ce.wcaquino.servicos.CalculadoraTest" name="deveDividirDoisValores" time="0.012"/>
  <system-out/>
  <testcase classname="br.ce.wcaquino.servicos.CalculadoraTest" name="deveSomarDoisValores" time="0.005"/>
  <system-out/>
  <testcase classname="br.ce.wcaquino.servicos.CalculadoraTest" name="deveLancarExcecaoAoDividirPorZero" time="0.008"/>
  <system-out/>
</testsuite> <!-- br.ce.wcaquino.servicos.CalculadoraTest -->
