<?xml version="1.0" encoding="UTF-8"?>
<!-- Generated by org.testng.reporters.JUnitReportReporter -->
<testsuite hostname="aguirre39" failures="0" tests="9" name="br.ce.wcaquino.servicos.LocacaoServiceTest" time="0.256" errors="0" timestamp="2023-06-21T19:06:42 BRT" skipped="1">
  <testcase classname="br.ce.wcaquino.servicos.LocacaoServiceTest" name="naoDeveAlugarFilmeSemUsuario" time="0.040"/>
  <system-out/>
  <testcase classname="br.ce.wcaquino.servicos.LocacaoServiceTest" name="deveTratarErronoSPC" time="0.027"/>
  <system-out/>
  <testcase classname="br.ce.wcaquino.servicos.LocacaoServiceTest" name="naoDeveAlugarFilmeSemEstoque" time="0.012"/>
  <system-out/>
  <testcase classname="br.ce.wcaquino.servicos.LocacaoServiceTest" name="naoDeveAlugarFilmeSemFilme" time="0.009"/>
  <system-out/>
  <testcase classname="br.ce.wcaquino.servicos.LocacaoServiceTest" name="deveEnviarEmailParaLocacoesAtrasadas" time="0.032"/>
  <system-out/>
  <testcase classname="br.ce.wcaquino.servicos.LocacaoServiceTest" name="deveDevolverNaSegundaAoAlugarNoSabado" time="0.037">
    <skipped/>
  </testcase> <!-- deveDevolverNaSegundaAoAlugarNoSabado -->
  <system-out/>
  <testcase classname="br.ce.wcaquino.servicos.LocacaoServiceTest" name="naoDeveAlugarFilmeParaNegativadoSPC" time="0.034"/>
  <system-out/>
  <testcase classname="br.ce.wcaquino.servicos.LocacaoServiceTest" name="deveAlugarFilme" time="0.042"/>
  <system-out/>
  <testcase classname="br.ce.wcaquino.servicos.LocacaoServiceTest" name="deveProrrogarUmaLocacao" time="0.023"/>
  <system-out/>
</testsuite> <!-- br.ce.wcaquino.servicos.LocacaoServiceTest -->
